TN:
SF:script/Deploy.s.sol
FN:16,DeployScript.setUp
FNDA:0,DeployScript.setUp
FN:18,DeployScript.run
FNDA:0,DeployScript.run
DA:19,0
DA:20,0
FNF:2
FNH:0
LF:2
LH:0
BRF:0
BRH:0
end_of_record
TN:
SF:src/BloomFactory.sol
FN:32,BloomFactory.
FNDA:84,BloomFactory.
FN:44,BloomFactory.createBloomPool
FNDA:30,BloomFactory.createBloomPool
DA:49,30
DA:50,30
FN:58,BloomFactory.isFromFactory
FNDA:2,BloomFactory.isFromFactory
DA:59,2
FNF:3
FNH:3
LF:3
LH:3
BRF:0
BRH:0
end_of_record
TN:
SF:src/BloomPool.sol
FN:28,BloomPool.
FNDA:4,BloomPool.
FN:44,BloomPool.whitelistBorrower
FNDA:2,BloomPool.whitelistBorrower
DA:45,2
DA:46,2
FN:54,BloomPool.whitelistMarketMaker
FNDA:1,BloomPool.whitelistMarketMaker
DA:55,1
DA:56,1
FN:63,BloomPool.setLeverageBps
FNDA:10000,BloomPool.setLeverageBps
DA:64,10000
BRDA:64,0,0,10000
BRDA:64,0,1,9289
DA:68,2328
DA:69,10000
FNF:4
FNH:4
LF:7
LH:7
BRF:2
BRH:2
end_of_record
TN:
SF:src/Orderbook.sol
FN:47,Orderbook.
FNDA:2,Orderbook.
DA:52,2
FN:60,Orderbook.lendOrder
FNDA:10003,Orderbook.lendOrder
DA:61,10003
BRDA:61,0,0,-
BRDA:61,0,1,-
DA:63,10002
DA:64,10002
DA:65,10002
DA:67,10002
FN:71,Orderbook.fillOrder
FNDA:2,Orderbook.fillOrder
DA:75,2
DA:76,0
FN:80,Orderbook.fillOrders
FNDA:0,Orderbook.fillOrders
DA:84,0
DA:85,0
DA:86,0
DA:87,0
DA:88,0
DA:90,0
FN:93,Orderbook._fillOrder
FNDA:2,Orderbook._fillOrder
DA:97,2
BRDA:97,1,0,-
BRDA:97,1,1,-
DA:98,1
BRDA:98,2,0,-
BRDA:98,2,1,-
DA:100,0
DA:102,0
DA:103,0
DA:104,0
DA:106,0
DA:107,0
DA:111,0
FN:115,Orderbook.killOrder
FNDA:0,Orderbook.killOrder
DA:116,0
DA:117,0
BRDA:117,3,0,-
BRDA:117,3,1,-
DA:121,0
BRDA:121,4,0,-
BRDA:121,4,1,-
DA:123,0
BRDA:123,5,0,-
BRDA:123,5,1,-
DA:124,0
DA:127,0
DA:128,0
DA:129,0
DA:132,0
DA:134,0
DA:135,0
FN:138,Orderbook._closeMatchOrder
FNDA:0,Orderbook._closeMatchOrder
DA:144,0
DA:145,0
DA:147,0
DA:148,0
DA:149,0
DA:154,0
DA:155,0
DA:156,0
DA:157,0
DA:159,0
BRDA:159,6,0,-
BRDA:159,6,1,-
DA:160,0
FN:166,Orderbook.leverageBps
FNDA:10002,Orderbook.leverageBps
DA:167,10002
FN:170,Orderbook._depositBorrower
FNDA:0,Orderbook._depositBorrower
DA:171,0
DA:172,0
BRDA:172,7,0,-
BRDA:172,7,1,-
DA:176,0
DA:177,0
FN:184,Orderbook.openDepth
FNDA:10001,Orderbook.openDepth
DA:185,10001
FN:188,Orderbook.matchedDepth
FNDA:3,Orderbook.matchedDepth
DA:189,3
FNF:11
FNH:7
LF:52
LH:12
BRF:16
BRH:0
end_of_record
TN:
SF:src/PoolStorage.sol
FN:60,PoolStorage.KycBorrower
FNDA:0,PoolStorage.KycBorrower
DA:61,0
BRDA:61,0,0,-
BRDA:61,0,1,-
FN:65,PoolStorage.KycMarketMaker
FNDA:0,PoolStorage.KycMarketMaker
DA:66,0
BRDA:66,1,0,-
BRDA:66,1,1,-
FN:74,PoolStorage.
FNDA:2,PoolStorage.
DA:75,4
DA:76,4
DA:78,4
DA:79,2
DA:80,2
DA:82,2
DA:83,2
FN:90,PoolStorage.lTby
FNDA:30,PoolStorage.lTby
DA:91,30
FN:94,PoolStorage.bTby
FNDA:30,PoolStorage.bTby
DA:95,30
FN:99,PoolStorage.asset
FNDA:1,PoolStorage.asset
DA:100,1
FN:104,PoolStorage.assetDecimals
FNDA:2,PoolStorage.assetDecimals
DA:105,2
FN:109,PoolStorage.rwa
FNDA:1,PoolStorage.rwa
DA:110,1
FN:114,PoolStorage.rwaDecimals
FNDA:1,PoolStorage.rwaDecimals
DA:115,1
FN:119,PoolStorage.isKYCedBorrower
FNDA:2,PoolStorage.isKYCedBorrower
DA:122,2
FN:126,PoolStorage.isKYCedMarketMaker
FNDA:2,PoolStorage.isKYCedMarketMaker
DA:129,2
FNF:11
FNH:9
LF:17
LH:15
BRF:4
BRH:0
end_of_record
TN:
SF:src/token/BTby.sol
FN:43,BTby.onlyBloom
FNDA:0,BTby.onlyBloom
DA:44,0
BRDA:44,0,0,-
BRDA:44,0,1,-
FN:52,BTby.
FNDA:0,BTby.
DA:53,0
DA:54,0
FN:61,BTby.mint
FNDA:0,BTby.mint
DA:65,0
DA:66,0
DA:67,0
BRDA:67,1,0,-
BRDA:67,1,1,-
DA:68,0
DA:69,0
DA:70,0
DA:72,0
DA:73,0
FN:76,BTby.burn
FNDA:0,BTby.burn
DA:77,0
FN:80,BTby.transfer
FNDA:0,BTby.transfer
DA:84,0
FN:87,BTby.transferFrom
FNDA:0,BTby.transferFrom
DA:92,0
FN:95,BTby._revertTransfer
FNDA:0,BTby._revertTransfer
DA:96,0
FN:99,BTby.decimals
FNDA:0,BTby.decimals
DA:100,0
FN:103,BTby.increaseIdleCapital
FNDA:0,BTby.increaseIdleCapital
DA:107,0
DA:108,0
BRDA:108,2,0,-
BRDA:108,2,1,-
DA:109,0
DA:110,0
DA:111,0
FN:115,BTby.withdrawIdleCapital
FNDA:0,BTby.withdrawIdleCapital
DA:116,0
DA:117,0
BRDA:117,3,0,-
BRDA:117,3,1,-
DA:118,0
DA:119,0
DA:120,0
FN:123,BTby.name
FNDA:0,BTby.name
DA:124,0
FN:127,BTby.symbol
FNDA:0,BTby.symbol
DA:128,0
FNF:12
FNH:0
LF:28
LH:0
BRF:8
BRH:0
end_of_record
TN:
SF:src/token/LTby.sol
FN:41,LTby.onlyBloom
FNDA:50003,LTby.onlyBloom
DA:42,50003
BRDA:42,0,0,-
BRDA:42,0,1,-
FN:50,LTby.
FNDA:6,LTby.
DA:51,6
DA:52,5
FN:59,LTby.decimals
FNDA:2,LTby.decimals
DA:60,2
FN:63,LTby.bloomPool
FNDA:2,LTby.bloomPool
DA:64,2
FN:67,LTby.uri
FNDA:3,LTby.uri
DA:70,3
BRDA:70,1,0,2
BRDA:70,1,1,1
DA:71,1
DA:73,2
BRDA:73,2,0,1
BRDA:73,2,1,1
DA:74,1
DA:76,1
FN:84,LTby.open
FNDA:50002,LTby.open
DA:85,50002
FN:93,LTby.close
FNDA:20000,LTby.close
DA:98,20000
FN:107,LTby.stage
FNDA:20000,LTby.stage
DA:108,20000
DA:109,20000
FN:118,LTby.redeem
FNDA:0,LTby.redeem
FN:122,LTby.openBalance
FNDA:40000,LTby.openBalance
DA:123,40000
FN:126,LTby.matchedBalance
FNDA:20000,LTby.matchedBalance
DA:127,20000
FN:130,LTby.liveBalance
FNDA:0,LTby.liveBalance
DA:131,0
FN:134,LTby.totalValueLocked
FNDA:0,LTby.totalValueLocked
DA:137,0
DA:138,0
DA:139,0
FN:142,LTby.name
FNDA:1,LTby.name
DA:143,1
FN:146,LTby.symbol
FNDA:1,LTby.symbol
DA:147,1
FNF:15
FNH:12
LF:22
LH:18
BRF:6
BRH:4
end_of_record
TN:
SF:test/BloomTestSetup.t.sol
FN:39,BloomTestSetup.setUp
FNDA:30,BloomTestSetup.setUp
DA:40,30
DA:41,30
DA:42,30
DA:44,30
DA:45,30
DA:50,30
DA:52,30
DA:53,30
DA:54,30
FN:57,BloomTestSetup._createLendOrder
FNDA:2,BloomTestSetup._createLendOrder
DA:58,2
DA:59,2
DA:60,2
DA:61,2
DA:62,2
FNF:2
FNH:2
LF:14
LH:14
BRF:0
BRH:0
end_of_record
TN:
SF:test/mocks/MockERC20.sol
FN:19,MockERC20.
FNDA:0,MockERC20.
DA:20,0
DA:21,0
DA:22,0
FN:25,MockERC20.name
FNDA:0,MockERC20.name
DA:26,0
FN:29,MockERC20.symbol
FNDA:0,MockERC20.symbol
DA:30,0
FN:33,MockERC20.decimals
FNDA:64,MockERC20.decimals
DA:34,64
FN:37,MockERC20.mint
FNDA:10002,MockERC20.mint
DA:38,10002
FNF:5
FNH:2
LF:7
LH:2
BRF:0
BRH:0
end_of_record
