TN:
SF:script/Deploy.s.sol
FN:15,DeployScript.setUp
FNDA:0,DeployScript.setUp
FN:17,DeployScript.run
FNDA:0,DeployScript.run
DA:18,0
DA:19,0
FNF:2
FNH:0
LF:2
LH:0
BRF:0
BRH:0
end_of_record
TN:
SF:src/BloomFactory.sol
FN:32,BloomFactory.
FNDA:51,BloomFactory.
DA:33,51
BRDA:33,0,0,-
BRDA:33,0,1,-
FN:46,BloomFactory.createBloomPool
FNDA:51,BloomFactory.createBloomPool
DA:51,51
DA:52,51
FN:60,BloomFactory.isFromFactory
FNDA:2,BloomFactory.isFromFactory
DA:61,2
FNF:3
FNH:3
LF:4
LH:4
BRF:2
BRH:0
end_of_record
TN:
SF:src/BloomPool.sol
FN:74,BloomPool.isRedeemable
FNDA:0,BloomPool.isRedeemable
DA:75,0
BRDA:75,0,0,-
BRDA:75,0,1,-
FN:83,BloomPool.
FNDA:52,BloomPool.
DA:91,52
BRDA:91,1,0,-
BRDA:91,1,1,-
DA:92,52
FN:100,BloomPool.redeemLender
FNDA:0,BloomPool.redeemLender
DA:101,0
BRDA:101,2,0,-
BRDA:101,2,1,-
DA:102,0
DA:104,0
DA:105,0
BRDA:105,3,0,-
BRDA:105,3,1,-
DA:107,0
DA:108,0
DA:110,0
DA:111,0
FN:115,BloomPool.redeemBorrower
FNDA:0,BloomPool.redeemBorrower
DA:116,0
DA:117,0
DA:118,0
DA:120,0
DA:121,0
BRDA:121,4,0,-
BRDA:121,4,1,-
DA:123,0
DA:124,0
DA:126,0
DA:127,0
FN:140,BloomPool.swapIn
FNDA:30004,BloomPool.swapIn
DA:147,30004
DA:148,30004
DA:150,30004
BRDA:150,5,0,30004
DA:151,30004
DA:152,30004
DA:153,30004
DA:154,30004
DA:158,30004
DA:159,30004
DA:160,30245
DA:161,30245
DA:162,30245
DA:163,30245
DA:167,30004
DA:168,30004
DA:170,30004
BRDA:170,7,0,30004
DA:171,30004
DA:174,30004
DA:175,30004
DA:177,30004
DA:178,30004
DA:180,30004
FN:191,BloomPool.swapOut
FNDA:10003,BloomPool.swapOut
DA:192,10003
BRDA:192,8,0,-
BRDA:192,8,1,-
DA:193,10002
BRDA:193,9,0,-
BRDA:193,9,1,-
DA:195,10001
DA:196,10001
DA:197,10001
DA:200,10001
BRDA:200,10,0,10001
DA:201,10001
DA:204,10001
DA:205,10001
DA:206,10001
DA:208,0
DA:209,10001
DA:210,10001
DA:212,10001
DA:213,10001
DA:215,10001
DA:216,10001
DA:218,0
BRDA:218,11,0,10001
DA:219,10001
DA:221,0
DA:222,10001
DA:224,0
FN:232,BloomPool.setPriceFeed
FNDA:3,BloomPool.setPriceFeed
DA:233,3
FN:237,BloomPool.getRate
FNDA:30005,BloomPool.getRate
DA:238,30005
DA:239,30005
DA:241,30005
BRDA:241,12,0,1
DA:242,1
DA:245,30004
DA:247,30004
BRDA:247,13,0,10002
DA:248,10002
DA:252,20002
BRDA:252,14,0,20001
DA:253,20001
DA:258,1
FN:261,BloomPool.lastMintedId
FNDA:10000,BloomPool.lastMintedId
DA:262,10000
FN:266,BloomPool.rwaPriceFeed
FNDA:2,BloomPool.rwaPriceFeed
DA:267,2
FN:270,BloomPool.tbyCollateral
FNDA:50002,BloomPool.tbyCollateral
DA:271,50002
FN:274,BloomPool.tbyMaturity
FNDA:30000,BloomPool.tbyMaturity
DA:275,30000
FN:278,BloomPool.tbyRwaPricing
FNDA:30000,BloomPool.tbyRwaPricing
DA:279,30000
FN:282,BloomPool.borrowerAmount
FNDA:20000,BloomPool.borrowerAmount
DA:283,20000
FN:286,BloomPool.totalBorrowed
FNDA:20000,BloomPool.totalBorrowed
DA:287,20000
FN:290,BloomPool.lenderReturns
FNDA:10000,BloomPool.lenderReturns
DA:291,10000
FN:294,BloomPool.borrowerReturns
FNDA:10000,BloomPool.borrowerReturns
DA:295,10000
FN:298,BloomPool.isTbyRedeemable
FNDA:20001,BloomPool.isTbyRedeemable
DA:299,20001
FN:303,BloomPool._rwaPrice
FNDA:40006,BloomPool._rwaPrice
DA:304,40006
DA:305,40006
BRDA:305,15,0,-
BRDA:305,15,1,-
DA:306,40006
DA:307,40006
FN:318,BloomPool._convertMatchOrders
FNDA:30245,BloomPool._convertMatchOrders
DA:319,30245
DA:320,30245
DA:321,30245
DA:323,30245
DA:324,30061
DA:325,30245
DA:327,30245
BRDA:327,16,0,30061
BRDA:327,16,1,9816
DA:328,30061
DA:329,30061
DA:330,30061
DA:332,30061
DA:333,30061
DA:335,30061
DA:336,30061
DA:338,30061
BRDA:338,18,0,20245
BRDA:338,18,1,9816
DA:339,20245
DA:341,9816
DA:344,184
DA:348,0
DA:349,30245
BRDA:349,19,0,30061
DA:350,30061
DA:351,30061
DA:352,30061
DA:354,30061
FN:359,BloomPool._setPriceFeed
FNDA:55,BloomPool._setPriceFeed
DA:360,55
DA:361,55
BRDA:361,20,0,-
BRDA:361,20,1,-
DA:362,55
BRDA:362,21,0,-
BRDA:362,21,1,-
DA:364,53
DA:365,53
DA:366,53
FN:369,BloomPool._calculateRemovalAmounts
FNDA:30061,BloomPool._calculateRemovalAmounts
DA:374,30061
DA:376,30061
BRDA:376,22,0,20245
DA:377,20245
DA:380,9816
DA:381,9816
FNF:22
FNH:19
LF:124
LH:101
BRF:33
BRH:13
end_of_record
TN:
SF:src/Orderbook.sol
FN:52,Orderbook.
FNDA:52,Orderbook.
FN:61,Orderbook.lendOrder
FNDA:180009,Orderbook.lendOrder
DA:62,180009
DA:64,180008
DA:65,180008
DA:67,180008
DA:68,180008
FN:72,Orderbook.fillOrder
FNDA:130008,Orderbook.fillOrder
DA:77,130008
DA:78,130006
FN:82,Orderbook.fillOrders
FNDA:10000,Orderbook.fillOrders
DA:87,10000
DA:88,10000
DA:89,25868
DA:90,25868
DA:91,25868
DA:92,25868
DA:93,25868
DA:95,10000
FN:99,Orderbook.killOpenOrder
FNDA:10000,Orderbook.killOpenOrder
DA:100,10000
DA:101,10000
DA:102,10000
BRDA:102,1,0,-
BRDA:102,1,1,-
DA:104,5053
DA:105,5053
DA:107,5053
DA:108,5053
FN:112,Orderbook.killMatchOrder
FNDA:40001,Orderbook.killMatchOrder
DA:113,40001
DA:116,40001
DA:117,40001
DA:119,40001
FN:123,Orderbook.withdrawIdleCapital
FNDA:10001,Orderbook.withdrawIdleCapital
DA:124,9789
DA:125,10001
DA:127,9789
DA:129,9789
BRDA:129,2,0,1
BRDA:129,2,1,9788
DA:130,1
DA:132,9788
BRDA:132,3,0,-
BRDA:132,3,1,-
DA:135,9789
DA:136,9789
DA:138,9789
FN:146,Orderbook._fillOrder
FNDA:155876,Orderbook._fillOrder
DA:147,155876
BRDA:147,4,0,-
BRDA:147,4,1,-
DA:148,155875
DA:150,155874
DA:152,155876
DA:153,155874
DA:154,155874
DA:155,155874
DA:157,155874
DA:159,155874
DA:163,155874
FN:171,Orderbook._depositBorrower
FNDA:140006,Orderbook._depositBorrower
DA:172,140006
DA:173,140006
BRDA:173,5,0,140006
BRDA:173,5,1,-
DA:175,140006
FN:178,Orderbook._utilizeIdleCapital
FNDA:140006,Orderbook._utilizeIdleCapital
DA:179,140006
DA:180,140006
BRDA:180,6,0,10000
DA:181,10000
DA:182,10000
DA:183,10000
DA:185,140006
FN:194,Orderbook._closeMatchOrders
FNDA:40001,Orderbook._closeMatchOrders
DA:195,40001
DA:196,40001
DA:198,40001
DA:199,47031
DA:200,54733
DA:202,54733
BRDA:202,7,0,47031
BRDA:202,7,1,17111
DA:203,47031
DA:204,47031
DA:206,47031
BRDA:206,8,0,29920
DA:207,29920
DA:208,29920
DA:209,29920
DA:211,47031
DA:212,47031
DA:214,47031
BRDA:214,9,0,17111
DA:216,7702
DA:219,7702
DA:220,40001
FN:227,Orderbook._amountZeroCheck
FNDA:395886,Orderbook._amountZeroCheck
DA:228,395886
BRDA:228,10,0,-
BRDA:228,10,1,-
FN:232,Orderbook.leverage
FNDA:10002,Orderbook.leverage
DA:233,10002
FN:237,Orderbook.openDepth
FNDA:45054,Orderbook.openDepth
DA:238,45054
FN:242,Orderbook.matchedDepth
FNDA:80003,Orderbook.matchedDepth
DA:243,80003
FN:247,Orderbook.amountOpen
FNDA:45053,Orderbook.amountOpen
DA:248,45053
FN:252,Orderbook.amountMatched
FNDA:70000,Orderbook.amountMatched
DA:253,70000
DA:254,70000
DA:255,78835
FN:260,Orderbook.matchedOrder
FNDA:20000,Orderbook.matchedOrder
DA:261,20000
FN:265,Orderbook.matchedOrderCount
FNDA:55053,Orderbook.matchedOrderCount
DA:266,55053
FN:270,Orderbook.idleCapital
FNDA:52299,Orderbook.idleCapital
DA:271,52299
FNF:20
FNH:20
LF:83
LH:83
BRF:17
BRH:8
end_of_record
TN:
SF:src/PoolStorage.sol
FN:60,PoolStorage.KycBorrower
FNDA:10000,PoolStorage.KycBorrower
DA:61,10000
BRDA:61,0,0,-
BRDA:61,0,1,-
FN:65,PoolStorage.KycMarketMaker
FNDA:10003,PoolStorage.KycMarketMaker
DA:66,10003
BRDA:66,1,0,-
BRDA:66,1,1,-
FN:74,PoolStorage.
FNDA:52,PoolStorage.
DA:77,52
DA:78,52
DA:80,52
DA:81,52
DA:83,52
DA:84,52
DA:86,52
DA:87,52
FN:100,PoolStorage.whitelistBorrower
FNDA:20020,PoolStorage.whitelistBorrower
DA:101,20020
DA:102,20020
FN:111,PoolStorage.whitelistMarketMaker
FNDA:9,PoolStorage.whitelistMarketMaker
DA:112,9
DA:113,9
FN:121,PoolStorage.setLeverage
FNDA:10000,PoolStorage.setLeverage
DA:122,10000
FN:129,PoolStorage.setSpread
FNDA:10000,PoolStorage.setSpread
DA:130,10000
FN:134,PoolStorage.tby
FNDA:51,PoolStorage.tby
DA:135,51
FN:139,PoolStorage.asset
FNDA:1,PoolStorage.asset
DA:140,1
FN:144,PoolStorage.assetDecimals
FNDA:2,PoolStorage.assetDecimals
DA:145,2
FN:149,PoolStorage.rwa
FNDA:1,PoolStorage.rwa
DA:150,1
FN:154,PoolStorage.rwaDecimals
FNDA:1,PoolStorage.rwaDecimals
DA:155,1
FN:159,PoolStorage.isKYCedBorrower
FNDA:140012,PoolStorage.isKYCedBorrower
DA:160,140012
FN:164,PoolStorage.isKYCedMarketMaker
FNDA:40011,PoolStorage.isKYCedMarketMaker
DA:165,40011
FN:169,PoolStorage.spread
FNDA:10002,PoolStorage.spread
DA:170,10002
FN:174,PoolStorage._setLeverage
FNDA:10052,PoolStorage._setLeverage
DA:175,10052
BRDA:175,2,0,10052
BRDA:175,2,1,4568
DA:176,195
DA:177,10052
FN:181,PoolStorage._setSpread
FNDA:10052,PoolStorage._setSpread
DA:182,10052
BRDA:182,3,0,-
BRDA:182,3,1,-
DA:183,4576
DA:184,10052
FNF:17
FNH:17
LF:30
LH:30
BRF:8
BRH:2
end_of_record
TN:
SF:src/token/Tby.sol
FN:43,Tby.onlyBloom
FNDA:50062,Tby.onlyBloom
DA:44,50062
BRDA:44,0,0,-
BRDA:44,0,1,-
FN:52,Tby.
FNDA:53,Tby.
DA:53,53
DA:54,53
FN:67,Tby.mint
FNDA:50061,Tby.mint
DA:68,50061
DA:69,50061
FN:78,Tby.burn
FNDA:10000,Tby.burn
DA:79,10000
DA:80,10000
FN:84,Tby.bloomPool
FNDA:2,Tby.bloomPool
DA:85,2
FN:89,Tby.name
FNDA:1,Tby.name
DA:90,1
FN:94,Tby.symbol
FNDA:1,Tby.symbol
DA:95,1
FN:99,Tby.decimals
FNDA:2,Tby.decimals
DA:100,2
FN:104,Tby.totalSupply
FNDA:40001,Tby.totalSupply
DA:105,40001
FN:109,Tby.uri
FNDA:1,Tby.uri
DA:110,1
FNF:10
FNH:10
LF:13
LH:13
BRF:2
BRH:0
end_of_record
TN:
SF:test/BloomTestSetup.t.sol
FN:47,BloomTestSetup.setUp
FNDA:51,BloomTestSetup.setUp
DA:48,51
DA:49,51
DA:50,51
DA:53,51
DA:55,51
DA:56,51
DA:58,51
DA:59,51
DA:62,51
DA:64,51
DA:65,51
FN:68,BloomTestSetup._createLendOrder
FNDA:170008,BloomTestSetup._createLendOrder
DA:69,170008
DA:70,170008
DA:71,170008
DA:72,170008
DA:73,170008
FN:76,BloomTestSetup._fillOrder
FNDA:50004,BloomTestSetup._fillOrder
DA:77,50004
DA:78,50004
DA:79,50004
DA:80,50004
DA:81,50004
DA:82,50004
FN:85,BloomTestSetup._swapIn
FNDA:10004,BloomTestSetup._swapIn
DA:86,10004
DA:87,10004
DA:88,10004
DA:90,10004
DA:91,10004
DA:92,10004
DA:93,10004
FN:96,BloomTestSetup._swapOut
FNDA:0,BloomTestSetup._swapOut
DA:97,0
DA:98,0
DA:99,0
DA:101,0
DA:102,0
DA:103,0
DA:104,0
FNF:5
FNH:4
LF:36
LH:29
BRF:0
BRH:0
end_of_record
TN:
SF:test/mocks/MockERC20.sol
FN:19,MockERC20.
FNDA:102,MockERC20.
DA:20,102
DA:21,102
DA:22,102
FN:25,MockERC20.name
FNDA:0,MockERC20.name
DA:26,0
FN:29,MockERC20.symbol
FNDA:0,MockERC20.symbol
DA:30,0
FN:33,MockERC20.decimals
FNDA:30110,MockERC20.decimals
DA:34,30110
FN:37,MockERC20.mint
FNDA:360017,MockERC20.mint
DA:38,360017
FNF:5
FNH:3
LF:7
LH:5
BRF:0
BRH:0
end_of_record
TN:
SF:test/mocks/MockPriceFeed.sol
FN:21,MockPriceFeed.
FNDA:51,MockPriceFeed.
DA:22,51
FN:25,MockPriceFeed.setLatestRoundData
FNDA:10056,MockPriceFeed.setLatestRoundData
DA:32,10056
DA:33,10056
DA:34,10056
DA:35,10056
DA:36,10056
FN:39,MockPriceFeed.latestRoundData
FNDA:70065,MockPriceFeed.latestRoundData
DA:40,70065
FN:43,MockPriceFeed.decimals
FNDA:30057,MockPriceFeed.decimals
DA:44,30057
FNF:4
FNH:4
LF:8
LH:8
BRF:0
BRH:0
end_of_record
